<?xml version="1.0" encoding="UTF-8"?>
<!-- Generated by org.testng.reporters.JUnitXMLReporter -->
<testsuite hostname="INBADPBALARAJU" ignored="0" name="Default test" tests="4" failures="0" timestamp="02 Jan 2019 09:41:11 GMT" time="33.236" errors="0">
  <testcase name="Login" time="8.721" classname="com.facebookpage.Tests.LoginFacebook"/>
  <testcase name="Login" time="7.89" classname="com.facebookpage.Tests.LoginFacebook"/>
  <testcase name="Login" time="8.137" classname="com.facebookpage.Tests.LoginFacebook"/>
  <testcase name="Login" time="7.87" classname="com.facebookpage.Tests.LoginFacebook"/>
</testsuite> <!-- Default test -->
